0 info it worked if it ends with ok
1 verbose cli [ '/usr/local/bin/node', '/usr/local/bin/npm', 'run', 'publish' ]
2 info using npm@5.3.0
3 info using node@v7.6.0
4 verbose run-script [ 'prepublish', 'publish', 'postpublish' ]
5 info lifecycle web-screenshot@0.1.0~prepublish: web-screenshot@0.1.0
6 silly lifecycle web-screenshot@0.1.0~prepublish: no script for prepublish, continuing
7 info lifecycle web-screenshot@0.1.0~publish: web-screenshot@0.1.0
8 verbose lifecycle web-screenshot@0.1.0~publish: unsafe-perm in lifecycle true
9 verbose lifecycle web-screenshot@0.1.0~publish: PATH: /usr/local/lib/node_modules/.npm_npminstall/npm/3.10.9/npm/bin/node-gyp-bin:/Users/Xiaoxiao/WebstormProjects/web/web-screenshot/node_modules/.bin:/usr/local/bin:/usr/bin:/bin:/usr/sbin:/sbin
10 verbose lifecycle web-screenshot@0.1.0~publish: CWD: /Users/Xiaoxiao/WebstormProjects/web/web-screenshot
11 silly lifecycle web-screenshot@0.1.0~publish: Args: [ '-c', 'pm2 deploy pm2.json production' ]
12 silly lifecycle web-screenshot@0.1.0~publish: Returned: code: 1  signal: null
13 info lifecycle web-screenshot@0.1.0~publish: Failed to exec publish script
14 verbose stack Error: web-screenshot@0.1.0 publish: `pm2 deploy pm2.json production`
14 verbose stack Exit status 1
14 verbose stack     at EventEmitter.<anonymous> (/usr/local/lib/node_modules/.npm_npminstall/npm/3.10.9/npm/lib/utils/lifecycle.js:279:16)
14 verbose stack     at emitTwo (events.js:106:13)
14 verbose stack     at EventEmitter.emit (events.js:192:7)
14 verbose stack     at ChildProcess.<anonymous> (/usr/local/lib/node_modules/.npm_npminstall/npm/3.10.9/npm/lib/utils/spawn.js:40:14)
14 verbose stack     at emitTwo (events.js:106:13)
14 verbose stack     at ChildProcess.emit (events.js:192:7)
14 verbose stack     at maybeClose (internal/child_process.js:890:16)
14 verbose stack     at Process.ChildProcess._handle.onexit (internal/child_process.js:226:5)
15 verbose pkgid web-screenshot@0.1.0
16 verbose cwd /Users/Xiaoxiao/WebstormProjects/web/web-screenshot
17 error Darwin 16.7.0
18 error argv "/usr/local/bin/node" "/usr/local/bin/npm" "run" "publish"
19 error node v7.6.0
20 error npm  v5.3.0
21 error code ELIFECYCLE
22 error web-screenshot@0.1.0 publish: `pm2 deploy pm2.json production`
22 error Exit status 1
23 error Failed at the web-screenshot@0.1.0 publish script 'pm2 deploy pm2.json production'.
23 error Make sure you have the latest version of node.js and npm installed.
23 error If you do, this is most likely a problem with the web-screenshot package,
23 error not with npm itself.
23 error Tell the author that this fails on your system:
23 error     pm2 deploy pm2.json production
23 error You can get information on how to open an issue for this project with:
23 error     npm bugs web-screenshot
23 error Or if that isn't available, you can get their info via:
23 error     npm owner ls web-screenshot
23 error There is likely additional logging output above.
24 verbose exit [ 1, true ]
